<?xml version="1.0" encoding="UTF-8"?>
<!-- Generated by org.testng.reporters.JUnitReportReporter -->
<testsuite hostname="DESKTOP-I4TJMN0" failures="0" tests="1" name="in.amazon.tests.CarPerfume" time="5.585" errors="0" timestamp="2021-11-17T14:13:37 IST" skipped="0">
  <testcase classname="in.amazon.tests.CarPerfume" name="buycarperfume" time="5.585"/>
  <system-out/>
</testsuite> <!-- in.amazon.tests.CarPerfume -->
